C:\USERS\CSE\DESKTOP\GUARD最终版1\DEBUG\GUARD.EXE
C:\USERS\CSE\DESKTOP\GUARD最终版1\DEBUG\GUARD.ILK
C:\USERS\CSE\DESKTOP\GUARD最终版1\DEBUG\GUARD.PDB
C:\USERS\CSE\DESKTOP\GUARD最终版1\GUARD\DEBUG\BOMB.OBJ
C:\USERS\CSE\DESKTOP\GUARD最终版1\GUARD\DEBUG\BOMBSHELL.OBJ
C:\USERS\CSE\DESKTOP\GUARD最终版1\GUARD\DEBUG\BOSS.OBJ
C:\USERS\CSE\DESKTOP\GUARD最终版1\GUARD\DEBUG\BULLET.OBJ
C:\USERS\CSE\DESKTOP\GUARD最终版1\GUARD\DEBUG\CASTLE.OBJ
C:\USERS\CSE\DESKTOP\GUARD最终版1\GUARD\DEBUG\DOUBLEBOMB.OBJ
C:\USERS\CSE\DESKTOP\GUARD最终版1\GUARD\DEBUG\FIRE.OBJ
C:\USERS\CSE\DESKTOP\GUARD最终版1\GUARD\DEBUG\FIREBOMB.OBJ
C:\USERS\CSE\DESKTOP\GUARD最终版1\GUARD\DEBUG\FLASHPLAYER.OBJ
C:\USERS\CSE\DESKTOP\GUARD最终版1\GUARD\DEBUG\FLASHSPRITE.OBJ
C:\USERS\CSE\DESKTOP\GUARD最终版1\GUARD\DEBUG\GAMEMANAGER.OBJ
C:\USERS\CSE\DESKTOP\GUARD最终版1\GUARD\DEBUG\GAMERENDER.OBJ
C:\USERS\CSE\DESKTOP\GUARD最终版1\GUARD\DEBUG\GAMESETTING.OBJ
C:\USERS\CSE\DESKTOP\GUARD最终版1\GUARD\DEBUG\GUARD.EXE.INTERMEDIATE.MANIFEST
C:\USERS\CSE\DESKTOP\GUARD最终版1\GUARD\DEBUG\GUARD.OBJ
C:\USERS\CSE\DESKTOP\GUARD最终版1\GUARD\DEBUG\MAPMANAGER.OBJ
C:\USERS\CSE\DESKTOP\GUARD最终版1\GUARD\DEBUG\MONSTER.OBJ
C:\USERS\CSE\DESKTOP\GUARD最终版1\GUARD\DEBUG\MONSTER_FOUR.OBJ
C:\USERS\CSE\DESKTOP\GUARD最终版1\GUARD\DEBUG\MONSTER_THREE.OBJ
C:\USERS\CSE\DESKTOP\GUARD最终版1\GUARD\DEBUG\MONSTER_TWO.OBJ
C:\USERS\CSE\DESKTOP\GUARD最终版1\GUARD\DEBUG\MUSICPLAY.OBJ
C:\USERS\CSE\DESKTOP\GUARD最终版1\GUARD\DEBUG\PLAYERARCHIVE.OBJ
C:\USERS\CSE\DESKTOP\GUARD最终版1\GUARD\DEBUG\STDAFX.OBJ
C:\USERS\CSE\DESKTOP\GUARD最终版1\GUARD\DEBUG\VC100.PDB
C:\USERS\陈晨\DESKTOP\GUARD最终版1\DEBUG\GUARD.EXE
C:\USERS\陈晨\DESKTOP\GUARD最终版1\DEBUG\GUARD.ILK
C:\USERS\陈晨\DESKTOP\GUARD最终版1\DEBUG\GUARD.PDB
C:\USERS\陈晨\DESKTOP\GUARD最终版1\GUARD\DEBUG\BOMB.OBJ
C:\USERS\陈晨\DESKTOP\GUARD最终版1\GUARD\DEBUG\BOMBSHELL.OBJ
C:\USERS\陈晨\DESKTOP\GUARD最终版1\GUARD\DEBUG\BOSS.OBJ
C:\USERS\陈晨\DESKTOP\GUARD最终版1\GUARD\DEBUG\BULLET.OBJ
C:\USERS\陈晨\DESKTOP\GUARD最终版1\GUARD\DEBUG\CASTLE.OBJ
C:\Users\陈晨\Desktop\Guard最终版1\Guard\Debug\cl.command.1.tlog
C:\Users\陈晨\Desktop\Guard最终版1\Guard\Debug\CL.read.1.tlog
C:\Users\陈晨\Desktop\Guard最终版1\Guard\Debug\CL.write.1.tlog
C:\USERS\陈晨\DESKTOP\GUARD最终版1\GUARD\DEBUG\DOUBLEBOMB.OBJ
C:\USERS\陈晨\DESKTOP\GUARD最终版1\GUARD\DEBUG\FIRE.OBJ
C:\USERS\陈晨\DESKTOP\GUARD最终版1\GUARD\DEBUG\FIREBOMB.OBJ
C:\USERS\陈晨\DESKTOP\GUARD最终版1\GUARD\DEBUG\FLASHPLAYER.OBJ
C:\USERS\陈晨\DESKTOP\GUARD最终版1\GUARD\DEBUG\FLASHSPRITE.OBJ
C:\USERS\陈晨\DESKTOP\GUARD最终版1\GUARD\DEBUG\GAMEMANAGER.OBJ
C:\USERS\陈晨\DESKTOP\GUARD最终版1\GUARD\DEBUG\GAMERENDER.OBJ
C:\USERS\陈晨\DESKTOP\GUARD最终版1\GUARD\DEBUG\GAMESETTING.OBJ
C:\USERS\陈晨\DESKTOP\GUARD最终版1\GUARD\DEBUG\GUARD.EXE.INTERMEDIATE.MANIFEST
C:\USERS\陈晨\DESKTOP\GUARD最终版1\GUARD\DEBUG\GUARD.OBJ
C:\Users\陈晨\Desktop\Guard最终版1\Guard\Debug\link.4764.read.1.tlog
C:\Users\陈晨\Desktop\Guard最终版1\Guard\Debug\link.4764.write.1.tlog
C:\Users\陈晨\Desktop\Guard最终版1\Guard\Debug\link.command.1.tlog
C:\Users\陈晨\Desktop\Guard最终版1\Guard\Debug\link.read.1.tlog
C:\Users\陈晨\Desktop\Guard最终版1\Guard\Debug\link.write.1.tlog
C:\USERS\陈晨\DESKTOP\GUARD最终版1\GUARD\DEBUG\MAPMANAGER.OBJ
C:\USERS\陈晨\DESKTOP\GUARD最终版1\GUARD\DEBUG\MONSTER.OBJ
C:\USERS\陈晨\DESKTOP\GUARD最终版1\GUARD\DEBUG\MONSTER_FOUR.OBJ
C:\USERS\陈晨\DESKTOP\GUARD最终版1\GUARD\DEBUG\MONSTER_THREE.OBJ
C:\USERS\陈晨\DESKTOP\GUARD最终版1\GUARD\DEBUG\MONSTER_TWO.OBJ
C:\Users\陈晨\Desktop\Guard最终版1\Guard\Debug\mt.command.1.tlog
C:\Users\陈晨\Desktop\Guard最终版1\Guard\Debug\mt.read.1.tlog
C:\Users\陈晨\Desktop\Guard最终版1\Guard\Debug\mt.write.1.tlog
C:\USERS\陈晨\DESKTOP\GUARD最终版1\GUARD\DEBUG\MUSICPLAY.OBJ
C:\USERS\陈晨\DESKTOP\GUARD最终版1\GUARD\DEBUG\PLAYERARCHIVE.OBJ
C:\USERS\陈晨\DESKTOP\GUARD最终版1\GUARD\DEBUG\STDAFX.OBJ
C:\Users\陈晨\Desktop\Guard最终版1\Guard\Debug\vc100.idb
C:\USERS\陈晨\DESKTOP\GUARD最终版1\GUARD\DEBUG\VC100.PDB
